<?xml version="1.0" encoding="UTF-8"?>
<!-- Generated by org.testng.reporters.JUnitXMLReporter -->
<testsuite ignored="0" hostname="FVFHXGU1Q6LR" failures="0" tests="7" name="Default test" time="0.025" errors="0" timestamp="2023-05-10T11:52:36 IST">
  <testcase classname="Practice_TestNg.A" name="D" time="0.003"/>
  <testcase classname="Practice_TestNg.A" name="C" time="0.001"/>
  <testcase classname="Practice_TestNg.A" name="B" time="0.0"/>
  <testcase classname="Practice_TestNg.A" name="A" time="0.001"/>
  <testcase classname="Practice_TestNg.A" name="E" time="0.001"/>
  <testcase classname="Practice_TestNg.A" name="F" time="0.001"/>
  <testcase classname="Practice_TestNg.A" name="G" time="0.001"/>
</testsuite> <!-- Default test -->
