<?xml version="1.0" encoding="UTF-8"?>
<!-- Generated by org.testng.reporters.JUnitXMLReporter -->
<testsuite ignored="4" hostname="FVFHXGU1Q6LR" failures="0" tests="2" name="Test1" time="0.017" errors="0" timestamp="2023-05-10T09:52:27 IST">
  <testcase classname="TestNg.C1" name="testCase1" time="0.002"/>
  <testcase classname="TestNg.C1" name="testCase2" time="0.001"/>
  <testcase classname="TestNg.BaseClass" name="@BeforeSuite beforeSuite" time="0.0">
    <ignored/>
  </testcase> <!-- @BeforeSuite beforeSuite -->
  <testcase classname="TestNg.BaseClass" name="@AfterSuite afterSuite" time="0.0">
    <ignored/>
  </testcase> <!-- @AfterSuite afterSuite -->
  <testcase classname="TestNg.BaseClass" name="@BeforeTest beforeTest" time="0.0">
    <ignored/>
  </testcase> <!-- @BeforeTest beforeTest -->
  <testcase classname="TestNg.BaseClass" name="@AfterTest afterTest" time="0.0">
    <ignored/>
  </testcase> <!-- @AfterTest afterTest -->
</testsuite> <!-- Test1 -->
