<?xml version="1.0" encoding="UTF-8"?>
<!-- Generated by org.testng.reporters.JUnitXMLReporter -->
<testsuite ignored="2" hostname="FVFHXGU1Q6LR" failures="0" tests="2" name="Test" time="0.027" errors="0" timestamp="2023-05-19T11:27:58 IST">
  <testcase classname="TestNg.C2" name="Class2TC1" time="0.006"/>
  <testcase classname="TestNg.C1" name="testCase1" time="0.005"/>
  <testcase classname="TestNg.C1" name="testCase2" time="0.0">
    <ignored/>
  </testcase> <!-- testCase2 -->
  <testcase classname="TestNg.C2" name="Class2TC2" time="0.0">
    <ignored/>
  </testcase> <!-- Class2TC2 -->
</testsuite> <!-- Test -->
