<?xml version="1.0" encoding="UTF-8"?>
<!-- Generated by org.testng.reporters.JUnitXMLReporter -->
<testsuite ignored="4" hostname="FVFHXGU1Q6LR" failures="0" tests="2" name="Test2" time="0.003" errors="0" timestamp="2023-05-10T09:52:27 IST">
  <testcase classname="TestNg.C2" name="Class2TC1" time="0.001"/>
  <testcase classname="TestNg.C2" name="Class2TC2" time="0.001"/>
  <testcase classname="TestNg.BaseClass" name="@AfterTest afterTest" time="0.0">
    <ignored/>
  </testcase> <!-- @AfterTest afterTest -->
  <testcase classname="TestNg.BaseClass" name="@BeforeTest beforeTest" time="0.0">
    <ignored/>
  </testcase> <!-- @BeforeTest beforeTest -->
  <testcase classname="TestNg.BaseClass" name="@BeforeSuite beforeSuite" time="0.0">
    <ignored/>
  </testcase> <!-- @BeforeSuite beforeSuite -->
  <testcase classname="TestNg.BaseClass" name="@AfterSuite afterSuite" time="0.0">
    <ignored/>
  </testcase> <!-- @AfterSuite afterSuite -->
</testsuite> <!-- Test2 -->
